<?xml version="1.0" encoding="UTF-8"?>
<testng-results skipped="0" failed="0" total="1" passed="1">
  <reporter-output>
  </reporter-output>
  <suite name="Default suite" duration-ms="8140" started-at="2016-05-18T12:47:27Z" finished-at="2016-05-18T12:47:35Z">
    <groups>
    </groups>
    <test name="Default test" duration-ms="8140" started-at="2016-05-18T12:47:27Z" finished-at="2016-05-18T12:47:35Z">
      <class name="selenium_basic_learning.SeleniumBasicLearning1.test1">
        <test-method status="PASS" signature="Login()[pri:0, instance:selenium_basic_learning.SeleniumBasicLearning1.test1@4439f31e]" name="Login" duration-ms="8120" started-at="2016-05-18T15:47:27Z" finished-at="2016-05-18T15:47:35Z">
          <reporter-output>
          </reporter-output>
        </test-method> <!-- Login -->
      </class> <!-- selenium_basic_learning.SeleniumBasicLearning1.test1 -->
    </test> <!-- Default test -->
  </suite> <!-- Default suite -->
</testng-results>
