<?xml version="1.0" encoding="UTF-8"?>
<testng-results skipped="0" failed="0" total="1" passed="1">
  <reporter-output>
  </reporter-output>
  <suite name="Default suite" duration-ms="1932" started-at="2016-05-19T10:38:26Z" finished-at="2016-05-19T10:38:28Z">
    <groups>
    </groups>
    <test name="Default test" duration-ms="1932" started-at="2016-05-19T10:38:26Z" finished-at="2016-05-19T10:38:28Z">
      <class name="selenium_basic_learning.SeleniumBasicLearning1.TestTest">
        <test-method status="PASS" signature="Login()[pri:0, instance:selenium_basic_learning.SeleniumBasicLearning1.TestTest@74455848]" name="Login" duration-ms="1910" started-at="2016-05-19T13:38:26Z" finished-at="2016-05-19T13:38:28Z">
          <reporter-output>
          </reporter-output>
        </test-method> <!-- Login -->
      </class> <!-- selenium_basic_learning.SeleniumBasicLearning1.TestTest -->
    </test> <!-- Default test -->
  </suite> <!-- Default suite -->
</testng-results>
